<?xml version="1.0" encoding="UTF-8"?>
<testsuite name="com.roadit.roaditbackend.RoaditbackendApplicationTests" tests="1" skipped="0" failures="0" errors="0" timestamp="2025-04-02T10:48:17.334Z" hostname="ijiyun-ui-MacBookPro.local" time="0.312">
  <properties/>
  <testcase name="contextLoads()" classname="com.roadit.roaditbackend.RoaditbackendApplicationTests" time="0.312"/>
  <system-out><![CDATA[19:48:15.582 [Test worker] INFO org.springframework.test.context.support.AnnotationConfigContextLoaderUtils -- Could not detect default configuration classes for test class [com.roadit.roaditbackend.RoaditbackendApplicationTests]: RoaditbackendApplicationTests does not declare any static, non-private, non-final, nested classes annotated with @Configuration.
19:48:15.632 [Test worker] INFO org.springframework.boot.test.context.SpringBootTestContextBootstrapper -- Found @SpringBootConfiguration com.roadit.roaditbackend.RoaditbackendApplication for test class com.roadit.roaditbackend.RoaditbackendApplicationTests

  .   ____          _            __ _ _
 /\\ / ___'_ __ _ _(_)_ __  __ _ \ \ \ \
( ( )\___ | '_ | '_| | '_ \/ _` | \ \ \ \
 \\/  ___)| |_)| | | | | || (_| |  ) ) ) )
  '  |____| .__|_| |_|_| |_\__, | / / / /
 =========|_|==============|___/=/_/_/_/

 :: Spring Boot ::                (v3.4.4)

2025-04-02T19:48:15.828+09:00  INFO 18443 --- [    Test worker] c.r.r.RoaditbackendApplicationTests      : Starting RoaditbackendApplicationTests using Java 17.0.14 with PID 18443 (started by jiyoon in /Users/jiyoon/Desktop/roadit-dev/roaditbackend)
2025-04-02T19:48:15.829+09:00  INFO 18443 --- [    Test worker] c.r.r.RoaditbackendApplicationTests      : No active profile set, falling back to 1 default profile: "default"
2025-04-02T19:48:16.099+09:00  INFO 18443 --- [    Test worker] .s.d.r.c.RepositoryConfigurationDelegate : Bootstrapping Spring Data JPA repositories in DEFAULT mode.
2025-04-02T19:48:16.108+09:00  INFO 18443 --- [    Test worker] .s.d.r.c.RepositoryConfigurationDelegate : Finished Spring Data repository scanning in 5 ms. Found 0 JPA repository interfaces.
2025-04-02T19:48:16.266+09:00  INFO 18443 --- [    Test worker] o.hibernate.jpa.internal.util.LogHelper  : HHH000204: Processing PersistenceUnitInfo [name: default]
2025-04-02T19:48:16.293+09:00  INFO 18443 --- [    Test worker] org.hibernate.Version                    : HHH000412: Hibernate ORM core version 6.6.11.Final
2025-04-02T19:48:16.306+09:00  INFO 18443 --- [    Test worker] o.h.c.internal.RegionFactoryInitiator    : HHH000026: Second-level cache disabled
2025-04-02T19:48:16.333+09:00 DEBUG 18443 --- [    Test worker] org.hibernate.type.BasicTypeRegistry     : Adding type registration boolean -> org.hibernate.type.BasicTypeReference@11c581a0
2025-04-02T19:48:16.333+09:00 DEBUG 18443 --- [    Test worker] org.hibernate.type.BasicTypeRegistry     : Adding type registration boolean -> org.hibernate.type.BasicTypeReference@11c581a0
2025-04-02T19:48:16.333+09:00 DEBUG 18443 --- [    Test worker] org.hibernate.type.BasicTypeRegistry     : Adding type registration java.lang.Boolean -> org.hibernate.type.BasicTypeReference@11c581a0
2025-04-02T19:48:16.334+09:00 DEBUG 18443 --- [    Test worker] org.hibernate.type.BasicTypeRegistry     : Adding type registration numeric_boolean -> org.hibernate.type.BasicTypeReference@256589a1
2025-04-02T19:48:16.334+09:00 DEBUG 18443 --- [    Test worker] org.hibernate.type.BasicTypeRegistry     : Adding type registration org.hibernate.type.NumericBooleanConverter -> org.hibernate.type.BasicTypeReference@256589a1
2025-04-02T19:48:16.334+09:00 DEBUG 18443 --- [    Test worker] org.hibernate.type.BasicTypeRegistry     : Adding type registration true_false -> org.hibernate.type.BasicTypeReference@935493d
2025-04-02T19:48:16.334+09:00 DEBUG 18443 --- [    Test worker] org.hibernate.type.BasicTypeRegistry     : Adding type registration org.hibernate.type.TrueFalseConverter -> org.hibernate.type.BasicTypeReference@935493d
2025-04-02T19:48:16.334+09:00 DEBUG 18443 --- [    Test worker] org.hibernate.type.BasicTypeRegistry     : Adding type registration yes_no -> org.hibernate.type.BasicTypeReference@9b367c8
2025-04-02T19:48:16.334+09:00 DEBUG 18443 --- [    Test worker] org.hibernate.type.BasicTypeRegistry     : Adding type registration org.hibernate.type.YesNoConverter -> org.hibernate.type.BasicTypeReference@9b367c8
2025-04-02T19:48:16.334+09:00 DEBUG 18443 --- [    Test worker] org.hibernate.type.BasicTypeRegistry     : Adding type registration byte -> org.hibernate.type.BasicTypeReference@34c62fdf
2025-04-02T19:48:16.334+09:00 DEBUG 18443 --- [    Test worker] org.hibernate.type.BasicTypeRegistry     : Adding type registration byte -> org.hibernate.type.BasicTypeReference@34c62fdf
2025-04-02T19:48:16.334+09:00 DEBUG 18443 --- [    Test worker] org.hibernate.type.BasicTypeRegistry     : Adding type registration java.lang.Byte -> org.hibernate.type.BasicTypeReference@34c62fdf
2025-04-02T19:48:16.334+09:00 DEBUG 18443 --- [    Test worker] org.hibernate.type.BasicTypeRegistry     : Adding type registration binary -> org.hibernate.type.BasicTypeReference@3de79067
2025-04-02T19:48:16.334+09:00 DEBUG 18443 --- [    Test worker] org.hibernate.type.BasicTypeRegistry     : Adding type registration byte[] -> org.hibernate.type.BasicTypeReference@3de79067
2025-04-02T19:48:16.334+09:00 DEBUG 18443 --- [    Test worker] org.hibernate.type.BasicTypeRegistry     : Adding type registration [B -> org.hibernate.type.BasicTypeReference@3de79067
2025-04-02T19:48:16.334+09:00 DEBUG 18443 --- [    Test worker] org.hibernate.type.BasicTypeRegistry     : Adding type registration binary_wrapper -> org.hibernate.type.BasicTypeReference@99a8de3
2025-04-02T19:48:16.334+09:00 DEBUG 18443 --- [    Test worker] org.hibernate.type.BasicTypeRegistry     : Adding type registration wrapper-binary -> org.hibernate.type.BasicTypeReference@99a8de3
2025-04-02T19:48:16.335+09:00 DEBUG 18443 --- [    Test worker] org.hibernate.type.BasicTypeRegistry     : Adding type registration image -> org.hibernate.type.BasicTypeReference@87f501f
2025-04-02T19:48:16.335+09:00 DEBUG 18443 --- [    Test worker] org.hibernate.type.BasicTypeRegistry     : Adding type registration blob -> org.hibernate.type.BasicTypeReference@54495935
2025-04-02T19:48:16.335+09:00 DEBUG 18443 --- [    Test worker] org.hibernate.type.BasicTypeRegistry     : Adding type registration java.sql.Blob -> org.hibernate.type.BasicTypeReference@54495935
2025-04-02T19:48:16.335+09:00 DEBUG 18443 --- [    Test worker] org.hibernate.type.BasicTypeRegistry     : Adding type registration materialized_blob -> org.hibernate.type.BasicTypeReference@67c6f4d8
2025-04-02T19:48:16.335+09:00 DEBUG 18443 --- [    Test worker] org.hibernate.type.BasicTypeRegistry     : Adding type registration materialized_blob_wrapper -> org.hibernate.type.BasicTypeReference@3a6e9856
2025-04-02T19:48:16.335+09:00 DEBUG 18443 --- [    Test worker] org.hibernate.type.BasicTypeRegistry     : Adding type registration short -> org.hibernate.type.BasicTypeReference@4863c8ac
2025-04-02T19:48:16.335+09:00 DEBUG 18443 --- [    Test worker] org.hibernate.type.BasicTypeRegistry     : Adding type registration short -> org.hibernate.type.BasicTypeReference@4863c8ac
2025-04-02T19:48:16.335+09:00 DEBUG 18443 --- [    Test worker] org.hibernate.type.BasicTypeRegistry     : Adding type registration java.lang.Short -> org.hibernate.type.BasicTypeReference@4863c8ac
2025-04-02T19:48:16.335+09:00 DEBUG 18443 --- [    Test worker] org.hibernate.type.BasicTypeRegistry     : Adding type registration integer -> org.hibernate.type.BasicTypeReference@56fda064
2025-04-02T19:48:16.335+09:00 DEBUG 18443 --- [    Test worker] org.hibernate.type.BasicTypeRegistry     : Adding type registration int -> org.hibernate.type.BasicTypeReference@56fda064
2025-04-02T19:48:16.335+09:00 DEBUG 18443 --- [    Test worker] org.hibernate.type.BasicTypeRegistry     : Adding type registration java.lang.Integer -> org.hibernate.type.BasicTypeReference@56fda064
2025-04-02T19:48:16.335+09:00 DEBUG 18443 --- [    Test worker] org.hibernate.type.BasicTypeRegistry     : Adding type registration long -> org.hibernate.type.BasicTypeReference@6cdee57
2025-04-02T19:48:16.335+09:00 DEBUG 18443 --- [    Test worker] org.hibernate.type.BasicTypeRegistry     : Adding type registration long -> org.hibernate.type.BasicTypeReference@6cdee57
2025-04-02T19:48:16.335+09:00 DEBUG 18443 --- [    Test worker] org.hibernate.type.BasicTypeRegistry     : Adding type registration java.lang.Long -> org.hibernate.type.BasicTypeReference@6cdee57
2025-04-02T19:48:16.335+09:00 DEBUG 18443 --- [    Test worker] org.hibernate.type.BasicTypeRegistry     : Adding type registration float -> org.hibernate.type.BasicTypeReference@482f7af0
2025-04-02T19:48:16.335+09:00 DEBUG 18443 --- [    Test worker] org.hibernate.type.BasicTypeRegistry     : Adding type registration float -> org.hibernate.type.BasicTypeReference@482f7af0
2025-04-02T19:48:16.335+09:00 DEBUG 18443 --- [    Test worker] org.hibernate.type.BasicTypeRegistry     : Adding type registration java.lang.Float -> org.hibernate.type.BasicTypeReference@482f7af0
2025-04-02T19:48:16.335+09:00 DEBUG 18443 --- [    Test worker] org.hibernate.type.BasicTypeRegistry     : Adding type registration double -> org.hibernate.type.BasicTypeReference@1edfedf1
2025-04-02T19:48:16.336+09:00 DEBUG 18443 --- [    Test worker] org.hibernate.type.BasicTypeRegistry     : Adding type registration double -> org.hibernate.type.BasicTypeReference@1edfedf1
2025-04-02T19:48:16.336+09:00 DEBUG 18443 --- [    Test worker] org.hibernate.type.BasicTypeRegistry     : Adding type registration java.lang.Double -> org.hibernate.type.BasicTypeReference@1edfedf1
2025-04-02T19:48:16.336+09:00 DEBUG 18443 --- [    Test worker] org.hibernate.type.BasicTypeRegistry     : Adding type registration big_integer -> org.hibernate.type.BasicTypeReference@251a90ce
2025-04-02T19:48:16.336+09:00 DEBUG 18443 --- [    Test worker] org.hibernate.type.BasicTypeRegistry     : Adding type registration java.math.BigInteger -> org.hibernate.type.BasicTypeReference@251a90ce
2025-04-02T19:48:16.336+09:00 DEBUG 18443 --- [    Test worker] org.hibernate.type.BasicTypeRegistry     : Adding type registration big_decimal -> org.hibernate.type.BasicTypeReference@4c4c7d6c
2025-04-02T19:48:16.336+09:00 DEBUG 18443 --- [    Test worker] org.hibernate.type.BasicTypeRegistry     : Adding type registration java.math.BigDecimal -> org.hibernate.type.BasicTypeReference@4c4c7d6c
2025-04-02T19:48:16.336+09:00 DEBUG 18443 --- [    Test worker] org.hibernate.type.BasicTypeRegistry     : Adding type registration character -> org.hibernate.type.BasicTypeReference@7f0766ef
2025-04-02T19:48:16.336+09:00 DEBUG 18443 --- [    Test worker] org.hibernate.type.BasicTypeRegistry     : Adding type registration char -> org.hibernate.type.BasicTypeReference@7f0766ef
2025-04-02T19:48:16.336+09:00 DEBUG 18443 --- [    Test worker] org.hibernate.type.BasicTypeRegistry     : Adding type registration java.lang.Character -> org.hibernate.type.BasicTypeReference@7f0766ef
2025-04-02T19:48:16.336+09:00 DEBUG 18443 --- [    Test worker] org.hibernate.type.BasicTypeRegistry     : Adding type registration character_nchar -> org.hibernate.type.BasicTypeReference@1e56bc9b
2025-04-02T19:48:16.336+09:00 DEBUG 18443 --- [    Test worker] org.hibernate.type.BasicTypeRegistry     : Adding type registration string -> org.hibernate.type.BasicTypeReference@6f3bd37f
2025-04-02T19:48:16.336+09:00 DEBUG 18443 --- [    Test worker] org.hibernate.type.BasicTypeRegistry     : Adding type registration java.lang.String -> org.hibernate.type.BasicTypeReference@6f3bd37f
2025-04-02T19:48:16.336+09:00 DEBUG 18443 --- [    Test worker] org.hibernate.type.BasicTypeRegistry     : Adding type registration nstring -> org.hibernate.type.BasicTypeReference@403364e9
2025-04-02T19:48:16.336+09:00 DEBUG 18443 --- [    Test worker] org.hibernate.type.BasicTypeRegistry     : Adding type registration characters -> org.hibernate.type.BasicTypeReference@447521e
2025-04-02T19:48:16.336+09:00 DEBUG 18443 --- [    Test worker] org.hibernate.type.BasicTypeRegistry     : Adding type registration char[] -> org.hibernate.type.BasicTypeReference@447521e
2025-04-02T19:48:16.336+09:00 DEBUG 18443 --- [    Test worker] org.hibernate.type.BasicTypeRegistry     : Adding type registration [C -> org.hibernate.type.BasicTypeReference@447521e
2025-04-02T19:48:16.336+09:00 DEBUG 18443 --- [    Test worker] org.hibernate.type.BasicTypeRegistry     : Adding type registration wrapper-characters -> org.hibernate.type.BasicTypeReference@2fde9469
2025-04-02T19:48:16.336+09:00 DEBUG 18443 --- [    Test worker] org.hibernate.type.BasicTypeRegistry     : Adding type registration text -> org.hibernate.type.BasicTypeReference@1ecf0ac6
2025-04-02T19:48:16.337+09:00 DEBUG 18443 --- [    Test worker] org.hibernate.type.BasicTypeRegistry     : Adding type registration ntext -> org.hibernate.type.BasicTypeReference@458031da
2025-04-02T19:48:16.337+09:00 DEBUG 18443 --- [    Test worker] org.hibernate.type.BasicTypeRegistry     : Adding type registration clob -> org.hibernate.type.BasicTypeReference@7be94cd6
2025-04-02T19:48:16.337+09:00 DEBUG 18443 --- [    Test worker] org.hibernate.type.BasicTypeRegistry     : Adding type registration java.sql.Clob -> org.hibernate.type.BasicTypeReference@7be94cd6
2025-04-02T19:48:16.337+09:00 DEBUG 18443 --- [    Test worker] org.hibernate.type.BasicTypeRegistry     : Adding type registration nclob -> org.hibernate.type.BasicTypeReference@20cff21e
2025-04-02T19:48:16.337+09:00 DEBUG 18443 --- [    Test worker] org.hibernate.type.BasicTypeRegistry     : Adding type registration java.sql.NClob -> org.hibernate.type.BasicTypeReference@20cff21e
2025-04-02T19:48:16.337+09:00 DEBUG 18443 --- [    Test worker] org.hibernate.type.BasicTypeRegistry     : Adding type registration materialized_clob -> org.hibernate.type.BasicTypeReference@463045fb
2025-04-02T19:48:16.337+09:00 DEBUG 18443 --- [    Test worker] org.hibernate.type.BasicTypeRegistry     : Adding type registration materialized_clob_char_array -> org.hibernate.type.BasicTypeReference@27ab206
2025-04-02T19:48:16.337+09:00 DEBUG 18443 --- [    Test worker] org.hibernate.type.BasicTypeRegistry     : Adding type registration materialized_clob_character_array -> org.hibernate.type.BasicTypeReference@3344d163
2025-04-02T19:48:16.337+09:00 DEBUG 18443 --- [    Test worker] org.hibernate.type.BasicTypeRegistry     : Adding type registration materialized_nclob -> org.hibernate.type.BasicTypeReference@6cc48a17
2025-04-02T19:48:16.337+09:00 DEBUG 18443 --- [    Test worker] org.hibernate.type.BasicTypeRegistry     : Adding type registration materialized_nclob_character_array -> org.hibernate.type.BasicTypeReference@289f15e9
2025-04-02T19:48:16.337+09:00 DEBUG 18443 --- [    Test worker] org.hibernate.type.BasicTypeRegistry     : Adding type registration materialized_nclob_char_array -> org.hibernate.type.BasicTypeReference@7f22687e
2025-04-02T19:48:16.337+09:00 DEBUG 18443 --- [    Test worker] org.hibernate.type.BasicTypeRegistry     : Adding type registration Duration -> org.hibernate.type.BasicTypeReference@6af87130
2025-04-02T19:48:16.337+09:00 DEBUG 18443 --- [    Test worker] org.hibernate.type.BasicTypeRegistry     : Adding type registration java.time.Duration -> org.hibernate.type.BasicTypeReference@6af87130
2025-04-02T19:48:16.337+09:00 DEBUG 18443 --- [    Test worker] org.hibernate.type.BasicTypeRegistry     : Adding type registration LocalDateTime -> org.hibernate.type.BasicTypeReference@22a4ca4a
2025-04-02T19:48:16.337+09:00 DEBUG 18443 --- [    Test worker] org.hibernate.type.BasicTypeRegistry     : Adding type registration java.time.LocalDateTime -> org.hibernate.type.BasicTypeReference@22a4ca4a
2025-04-02T19:48:16.337+09:00 DEBUG 18443 --- [    Test worker] org.hibernate.type.BasicTypeRegistry     : Adding type registration LocalDate -> org.hibernate.type.BasicTypeReference@72c4a3aa
2025-04-02T19:48:16.337+09:00 DEBUG 18443 --- [    Test worker] org.hibernate.type.BasicTypeRegistry     : Adding type registration java.time.LocalDate -> org.hibernate.type.BasicTypeReference@72c4a3aa
2025-04-02T19:48:16.337+09:00 DEBUG 18443 --- [    Test worker] org.hibernate.type.BasicTypeRegistry     : Adding type registration LocalTime -> org.hibernate.type.BasicTypeReference@1e495414
2025-04-02T19:48:16.337+09:00 DEBUG 18443 --- [    Test worker] org.hibernate.type.BasicTypeRegistry     : Adding type registration java.time.LocalTime -> org.hibernate.type.BasicTypeReference@1e495414
2025-04-02T19:48:16.338+09:00 DEBUG 18443 --- [    Test worker] org.hibernate.type.BasicTypeRegistry     : Adding type registration OffsetDateTime -> org.hibernate.type.BasicTypeReference@3711c71c
2025-04-02T19:48:16.338+09:00 DEBUG 18443 --- [    Test worker] org.hibernate.type.BasicTypeRegistry     : Adding type registration java.time.OffsetDateTime -> org.hibernate.type.BasicTypeReference@3711c71c
2025-04-02T19:48:16.338+09:00 DEBUG 18443 --- [    Test worker] org.hibernate.type.BasicTypeRegistry     : Adding type registration OffsetDateTimeWithTimezone -> org.hibernate.type.BasicTypeReference@33e3bd2e
2025-04-02T19:48:16.338+09:00 DEBUG 18443 --- [    Test worker] org.hibernate.type.BasicTypeRegistry     : Adding type registration OffsetDateTimeWithoutTimezone -> org.hibernate.type.BasicTypeReference@646d810b
2025-04-02T19:48:16.338+09:00 DEBUG 18443 --- [    Test worker] org.hibernate.type.BasicTypeRegistry     : Adding type registration OffsetTime -> org.hibernate.type.BasicTypeReference@30508066
2025-04-02T19:48:16.338+09:00 DEBUG 18443 --- [    Test worker] org.hibernate.type.BasicTypeRegistry     : Adding type registration java.time.OffsetTime -> org.hibernate.type.BasicTypeReference@30508066
2025-04-02T19:48:16.338+09:00 DEBUG 18443 --- [    Test worker] org.hibernate.type.BasicTypeRegistry     : Adding type registration OffsetTimeUtc -> org.hibernate.type.BasicTypeReference@9408857
2025-04-02T19:48:16.338+09:00 DEBUG 18443 --- [    Test worker] org.hibernate.type.BasicTypeRegistry     : Adding type registration OffsetTimeWithTimezone -> org.hibernate.type.BasicTypeReference@27e44e9c
2025-04-02T19:48:16.338+09:00 DEBUG 18443 --- [    Test worker] org.hibernate.type.BasicTypeRegistry     : Adding type registration OffsetTimeWithoutTimezone -> org.hibernate.type.BasicTypeReference@2f09e6b2
2025-04-02T19:48:16.338+09:00 DEBUG 18443 --- [    Test worker] org.hibernate.type.BasicTypeRegistry     : Adding type registration ZonedDateTime -> org.hibernate.type.BasicTypeReference@1bee0085
2025-04-02T19:48:16.338+09:00 DEBUG 18443 --- [    Test worker] org.hibernate.type.BasicTypeRegistry     : Adding type registration java.time.ZonedDateTime -> org.hibernate.type.BasicTypeReference@1bee0085
2025-04-02T19:48:16.338+09:00 DEBUG 18443 --- [    Test worker] org.hibernate.type.BasicTypeRegistry     : Adding type registration ZonedDateTimeWithTimezone -> org.hibernate.type.BasicTypeReference@16e1219f
2025-04-02T19:48:16.338+09:00 DEBUG 18443 --- [    Test worker] org.hibernate.type.BasicTypeRegistry     : Adding type registration ZonedDateTimeWithoutTimezone -> org.hibernate.type.BasicTypeReference@13f40d71
2025-04-02T19:48:16.338+09:00 DEBUG 18443 --- [    Test worker] org.hibernate.type.BasicTypeRegistry     : Adding type registration date -> org.hibernate.type.BasicTypeReference@73a845cb
2025-04-02T19:48:16.338+09:00 DEBUG 18443 --- [    Test worker] org.hibernate.type.BasicTypeRegistry     : Adding type registration java.sql.Date -> org.hibernate.type.BasicTypeReference@73a845cb
2025-04-02T19:48:16.338+09:00 DEBUG 18443 --- [    Test worker] org.hibernate.type.BasicTypeRegistry     : Adding type registration time -> org.hibernate.type.BasicTypeReference@18a98913
2025-04-02T19:48:16.338+09:00 DEBUG 18443 --- [    Test worker] org.hibernate.type.BasicTypeRegistry     : Adding type registration java.sql.Time -> org.hibernate.type.BasicTypeReference@18a98913
2025-04-02T19:48:16.338+09:00 DEBUG 18443 --- [    Test worker] org.hibernate.type.BasicTypeRegistry     : Adding type registration timestamp -> org.hibernate.type.BasicTypeReference@7dbae40
2025-04-02T19:48:16.338+09:00 DEBUG 18443 --- [    Test worker] org.hibernate.type.BasicTypeRegistry     : Adding type registration java.sql.Timestamp -> org.hibernate.type.BasicTypeReference@7dbae40
2025-04-02T19:48:16.338+09:00 DEBUG 18443 --- [    Test worker] org.hibernate.type.BasicTypeRegistry     : Adding type registration java.util.Date -> org.hibernate.type.BasicTypeReference@7dbae40
2025-04-02T19:48:16.338+09:00 DEBUG 18443 --- [    Test worker] org.hibernate.type.BasicTypeRegistry     : Adding type registration calendar -> org.hibernate.type.BasicTypeReference@34f7b44f
2025-04-02T19:48:16.338+09:00 DEBUG 18443 --- [    Test worker] org.hibernate.type.BasicTypeRegistry     : Adding type registration java.util.Calendar -> org.hibernate.type.BasicTypeReference@34f7b44f
2025-04-02T19:48:16.339+09:00 DEBUG 18443 --- [    Test worker] org.hibernate.type.BasicTypeRegistry     : Adding type registration java.util.GregorianCalendar -> org.hibernate.type.BasicTypeReference@34f7b44f
2025-04-02T19:48:16.339+09:00 DEBUG 18443 --- [    Test worker] org.hibernate.type.BasicTypeRegistry     : Adding type registration calendar_date -> org.hibernate.type.BasicTypeReference@5403907
2025-04-02T19:48:16.339+09:00 DEBUG 18443 --- [    Test worker] org.hibernate.type.BasicTypeRegistry     : Adding type registration calendar_time -> org.hibernate.type.BasicTypeReference@5175d9ad
2025-04-02T19:48:16.339+09:00 DEBUG 18443 --- [    Test worker] org.hibernate.type.BasicTypeRegistry     : Adding type registration instant -> org.hibernate.type.BasicTypeReference@b06d46d
2025-04-02T19:48:16.339+09:00 DEBUG 18443 --- [    Test worker] org.hibernate.type.BasicTypeRegistry     : Adding type registration java.time.Instant -> org.hibernate.type.BasicTypeReference@b06d46d
2025-04-02T19:48:16.339+09:00 DEBUG 18443 --- [    Test worker] org.hibernate.type.BasicTypeRegistry     : Adding type registration uuid -> org.hibernate.type.BasicTypeReference@25a5c8e
2025-04-02T19:48:16.339+09:00 DEBUG 18443 --- [    Test worker] org.hibernate.type.BasicTypeRegistry     : Adding type registration java.util.UUID -> org.hibernate.type.BasicTypeReference@25a5c8e
2025-04-02T19:48:16.339+09:00 DEBUG 18443 --- [    Test worker] org.hibernate.type.BasicTypeRegistry     : Adding type registration pg-uuid -> org.hibernate.type.BasicTypeReference@25a5c8e
2025-04-02T19:48:16.339+09:00 DEBUG 18443 --- [    Test worker] org.hibernate.type.BasicTypeRegistry     : Adding type registration uuid-binary -> org.hibernate.type.BasicTypeReference@656c5c3
2025-04-02T19:48:16.339+09:00 DEBUG 18443 --- [    Test worker] org.hibernate.type.BasicTypeRegistry     : Adding type registration uuid-char -> org.hibernate.type.BasicTypeReference@7911cc15
2025-04-02T19:48:16.339+09:00 DEBUG 18443 --- [    Test worker] org.hibernate.type.BasicTypeRegistry     : Adding type registration class -> org.hibernate.type.BasicTypeReference@4409cae6
2025-04-02T19:48:16.339+09:00 DEBUG 18443 --- [    Test worker] org.hibernate.type.BasicTypeRegistry     : Adding type registration java.lang.Class -> org.hibernate.type.BasicTypeReference@4409cae6
2025-04-02T19:48:16.339+09:00 DEBUG 18443 --- [    Test worker] org.hibernate.type.BasicTypeRegistry     : Adding type registration currency -> org.hibernate.type.BasicTypeReference@14e750c5
2025-04-02T19:48:16.339+09:00 DEBUG 18443 --- [    Test worker] org.hibernate.type.BasicTypeRegistry     : Adding type registration Currency -> org.hibernate.type.BasicTypeReference@14e750c5
2025-04-02T19:48:16.339+09:00 DEBUG 18443 --- [    Test worker] org.hibernate.type.BasicTypeRegistry     : Adding type registration java.util.Currency -> org.hibernate.type.BasicTypeReference@14e750c5
2025-04-02T19:48:16.339+09:00 DEBUG 18443 --- [    Test worker] org.hibernate.type.BasicTypeRegistry     : Adding type registration locale -> org.hibernate.type.BasicTypeReference@242ff747
2025-04-02T19:48:16.339+09:00 DEBUG 18443 --- [    Test worker] org.hibernate.type.BasicTypeRegistry     : Adding type registration java.util.Locale -> org.hibernate.type.BasicTypeReference@242ff747
2025-04-02T19:48:16.339+09:00 DEBUG 18443 --- [    Test worker] org.hibernate.type.BasicTypeRegistry     : Adding type registration serializable -> org.hibernate.type.BasicTypeReference@5329f6b3
2025-04-02T19:48:16.339+09:00 DEBUG 18443 --- [    Test worker] org.hibernate.type.BasicTypeRegistry     : Adding type registration java.io.Serializable -> org.hibernate.type.BasicTypeReference@5329f6b3
2025-04-02T19:48:16.339+09:00 DEBUG 18443 --- [    Test worker] org.hibernate.type.BasicTypeRegistry     : Adding type registration timezone -> org.hibernate.type.BasicTypeReference@597d48ca
2025-04-02T19:48:16.339+09:00 DEBUG 18443 --- [    Test worker] org.hibernate.type.BasicTypeRegistry     : Adding type registration java.util.TimeZone -> org.hibernate.type.BasicTypeReference@597d48ca
2025-04-02T19:48:16.339+09:00 DEBUG 18443 --- [    Test worker] org.hibernate.type.BasicTypeRegistry     : Adding type registration ZoneOffset -> org.hibernate.type.BasicTypeReference@77324a58
2025-04-02T19:48:16.339+09:00 DEBUG 18443 --- [    Test worker] org.hibernate.type.BasicTypeRegistry     : Adding type registration java.time.ZoneOffset -> org.hibernate.type.BasicTypeReference@77324a58
2025-04-02T19:48:16.339+09:00 DEBUG 18443 --- [    Test worker] org.hibernate.type.BasicTypeRegistry     : Adding type registration url -> org.hibernate.type.BasicTypeReference@2c7c0e36
2025-04-02T19:48:16.339+09:00 DEBUG 18443 --- [    Test worker] org.hibernate.type.BasicTypeRegistry     : Adding type registration java.net.URL -> org.hibernate.type.BasicTypeReference@2c7c0e36
2025-04-02T19:48:16.340+09:00 DEBUG 18443 --- [    Test worker] org.hibernate.type.BasicTypeRegistry     : Adding type registration vector -> org.hibernate.type.BasicTypeReference@307cf964
2025-04-02T19:48:16.340+09:00 DEBUG 18443 --- [    Test worker] org.hibernate.type.BasicTypeRegistry     : Adding type registration float_vector -> org.hibernate.type.BasicTypeReference@374ccb9
2025-04-02T19:48:16.340+09:00 DEBUG 18443 --- [    Test worker] org.hibernate.type.BasicTypeRegistry     : Adding type registration double_vector -> org.hibernate.type.BasicTypeReference@66713605
2025-04-02T19:48:16.340+09:00 DEBUG 18443 --- [    Test worker] org.hibernate.type.BasicTypeRegistry     : Adding type registration byte_vector -> org.hibernate.type.BasicTypeReference@2ab09943
2025-04-02T19:48:16.340+09:00 DEBUG 18443 --- [    Test worker] org.hibernate.type.BasicTypeRegistry     : Adding type registration row_version -> org.hibernate.type.BasicTypeReference@7d50f2a8
2025-04-02T19:48:16.342+09:00 DEBUG 18443 --- [    Test worker] org.hibernate.type.BasicTypeRegistry     : Adding type registration object -> org.hibernate.type.JavaObjectType@2abc55c4
2025-04-02T19:48:16.342+09:00 DEBUG 18443 --- [    Test worker] org.hibernate.type.BasicTypeRegistry     : Adding type registration java.lang.Object -> org.hibernate.type.JavaObjectType@2abc55c4
2025-04-02T19:48:16.342+09:00 DEBUG 18443 --- [    Test worker] org.hibernate.type.BasicTypeRegistry     : Adding type registration null -> org.hibernate.type.NullType@19cdc217
2025-04-02T19:48:16.342+09:00 DEBUG 18443 --- [    Test worker] org.hibernate.type.BasicTypeRegistry     : Adding type registration imm_date -> org.hibernate.type.BasicTypeReference@5f5297e3
2025-04-02T19:48:16.342+09:00 DEBUG 18443 --- [    Test worker] org.hibernate.type.BasicTypeRegistry     : Adding type registration imm_time -> org.hibernate.type.BasicTypeReference@2d22d3b1
2025-04-02T19:48:16.342+09:00 DEBUG 18443 --- [    Test worker] org.hibernate.type.BasicTypeRegistry     : Adding type registration imm_timestamp -> org.hibernate.type.BasicTypeReference@7ec3a8bd
2025-04-02T19:48:16.342+09:00 DEBUG 18443 --- [    Test worker] org.hibernate.type.BasicTypeRegistry     : Adding type registration imm_calendar -> org.hibernate.type.BasicTypeReference@9690008
2025-04-02T19:48:16.342+09:00 DEBUG 18443 --- [    Test worker] org.hibernate.type.BasicTypeRegistry     : Adding type registration imm_calendar_date -> org.hibernate.type.BasicTypeReference@42cf6349
2025-04-02T19:48:16.342+09:00 DEBUG 18443 --- [    Test worker] org.hibernate.type.BasicTypeRegistry     : Adding type registration imm_calendar_time -> org.hibernate.type.BasicTypeReference@79cb8ffa
2025-04-02T19:48:16.343+09:00 DEBUG 18443 --- [    Test worker] org.hibernate.type.BasicTypeRegistry     : Adding type registration imm_binary -> org.hibernate.type.BasicTypeReference@1a2e563e
2025-04-02T19:48:16.343+09:00 DEBUG 18443 --- [    Test worker] org.hibernate.type.BasicTypeRegistry     : Adding type registration imm_serializable -> org.hibernate.type.BasicTypeReference@5b066c33
2025-04-02T19:48:16.432+09:00  INFO 18443 --- [    Test worker] o.s.o.j.p.SpringPersistenceUnitInfo      : No LoadTimeWeaver setup: ignoring JPA class transformer
2025-04-02T19:48:16.444+09:00  INFO 18443 --- [    Test worker] com.zaxxer.hikari.HikariDataSource       : HikariPool-1 - Starting...
2025-04-02T19:48:16.787+09:00  INFO 18443 --- [    Test worker] com.zaxxer.hikari.pool.HikariPool        : HikariPool-1 - Added connection org.postgresql.jdbc.PgConnection@4cc4d454
2025-04-02T19:48:16.787+09:00  INFO 18443 --- [    Test worker] com.zaxxer.hikari.HikariDataSource       : HikariPool-1 - Start completed.
2025-04-02T19:48:16.809+09:00  WARN 18443 --- [    Test worker] org.hibernate.orm.deprecation            : HHH90000025: PostgreSQLDialect does not need to be specified explicitly using 'hibernate.dialect' (remove the property setting and it will be selected by default)
2025-04-02T19:48:16.830+09:00  INFO 18443 --- [    Test worker] org.hibernate.orm.connections.pooling    : HHH10001005: Database info:
	Database JDBC URL [Connecting through datasource 'HikariDataSource (HikariPool-1)']
	Database driver: undefined/unknown
	Database version: 17.2
	Autocommit mode: undefined/unknown
	Isolation level: undefined/unknown
	Minimum pool size: undefined/unknown
	Maximum pool size: undefined/unknown
2025-04-02T19:48:16.833+09:00 DEBUG 18443 --- [    Test worker] o.h.t.d.sql.spi.DdlTypeRegistry          : addDescriptor(2003, org.hibernate.type.descriptor.sql.internal.ArrayDdlTypeImpl@22361e23) replaced previous registration(org.hibernate.type.descriptor.sql.internal.ArrayDdlTypeImpl@2e0516a3)
2025-04-02T19:48:16.833+09:00 DEBUG 18443 --- [    Test worker] o.h.t.d.sql.spi.DdlTypeRegistry          : addDescriptor(6, org.hibernate.type.descriptor.sql.internal.CapacityDependentDdlType@32a4ea4e) replaced previous registration(org.hibernate.type.descriptor.sql.internal.DdlTypeImpl@347b370c)
2025-04-02T19:48:16.834+09:00 DEBUG 18443 --- [    Test worker] o.h.t.d.jdbc.spi.JdbcTypeRegistry        : addDescriptor(2004, BlobTypeDescriptor(BLOB_BINDING)) replaced previous registration(BlobTypeDescriptor(DEFAULT))
2025-04-02T19:48:16.834+09:00 DEBUG 18443 --- [    Test worker] o.h.t.d.jdbc.spi.JdbcTypeRegistry        : addDescriptor(2005, ClobTypeDescriptor(CLOB_BINDING)) replaced previous registration(ClobTypeDescriptor(DEFAULT))
2025-04-02T19:48:16.837+09:00 DEBUG 18443 --- [    Test worker] org.hibernate.type.BasicTypeRegistry     : Adding type registration JAVA_OBJECT -> org.hibernate.type.JavaObjectType@7dddfc35
2025-04-02T19:48:16.837+09:00 DEBUG 18443 --- [    Test worker] org.hibernate.type.BasicTypeRegistry     : Adding type registration java.lang.Object -> org.hibernate.type.JavaObjectType@7dddfc35
2025-04-02T19:48:16.837+09:00 DEBUG 18443 --- [    Test worker] org.hibernate.type.BasicTypeRegistry     : Type registration key [java.lang.Object] overrode previous entry : `org.hibernate.type.JavaObjectType@2abc55c4`
2025-04-02T19:48:16.839+09:00 DEBUG 18443 --- [    Test worker] org.hibernate.type.BasicTypeRegistry     : Adding type registration org.hibernate.type.DurationType -> basicType@1(java.time.Duration,3015)
2025-04-02T19:48:16.839+09:00 DEBUG 18443 --- [    Test worker] org.hibernate.type.BasicTypeRegistry     : Adding type registration Duration -> basicType@1(java.time.Duration,3015)
2025-04-02T19:48:16.839+09:00 DEBUG 18443 --- [    Test worker] org.hibernate.type.BasicTypeRegistry     : Adding type registration java.time.Duration -> basicType@1(java.time.Duration,3015)
2025-04-02T19:48:16.840+09:00 DEBUG 18443 --- [    Test worker] org.hibernate.type.BasicTypeRegistry     : Adding type registration org.hibernate.type.OffsetDateTimeType -> basicType@2(java.time.OffsetDateTime,3003)
2025-04-02T19:48:16.840+09:00 DEBUG 18443 --- [    Test worker] org.hibernate.type.BasicTypeRegistry     : Adding type registration OffsetDateTime -> basicType@2(java.time.OffsetDateTime,3003)
2025-04-02T19:48:16.840+09:00 DEBUG 18443 --- [    Test worker] org.hibernate.type.BasicTypeRegistry     : Adding type registration java.time.OffsetDateTime -> basicType@2(java.time.OffsetDateTime,3003)
2025-04-02T19:48:16.841+09:00 DEBUG 18443 --- [    Test worker] org.hibernate.type.BasicTypeRegistry     : Adding type registration org.hibernate.type.ZonedDateTimeType -> basicType@3(java.time.ZonedDateTime,3003)
2025-04-02T19:48:16.841+09:00 DEBUG 18443 --- [    Test worker] org.hibernate.type.BasicTypeRegistry     : Adding type registration ZonedDateTime -> basicType@3(java.time.ZonedDateTime,3003)
2025-04-02T19:48:16.841+09:00 DEBUG 18443 --- [    Test worker] org.hibernate.type.BasicTypeRegistry     : Adding type registration java.time.ZonedDateTime -> basicType@3(java.time.ZonedDateTime,3003)
2025-04-02T19:48:16.841+09:00 DEBUG 18443 --- [    Test worker] org.hibernate.type.BasicTypeRegistry     : Adding type registration org.hibernate.type.OffsetTimeType -> basicType@4(java.time.OffsetTime,3007)
2025-04-02T19:48:16.841+09:00 DEBUG 18443 --- [    Test worker] org.hibernate.type.BasicTypeRegistry     : Adding type registration OffsetTime -> basicType@4(java.time.OffsetTime,3007)
2025-04-02T19:48:16.841+09:00 DEBUG 18443 --- [    Test worker] org.hibernate.type.BasicTypeRegistry     : Adding type registration java.time.OffsetTime -> basicType@4(java.time.OffsetTime,3007)
2025-04-02T19:48:16.842+09:00 DEBUG 18443 --- [    Test worker] o.h.type.spi.TypeConfiguration$Scope     : Scoping TypeConfiguration [org.hibernate.type.spi.TypeConfiguration@7a78d380] to MetadataBuildingContext [org.hibernate.boot.internal.MetadataBuildingContextRootImpl@2e1291a4]
2025-04-02T19:48:16.976+09:00  INFO 18443 --- [    Test worker] o.h.e.t.j.p.i.JtaPlatformInitiator       : HHH000489: No JTA platform available (set 'hibernate.transaction.jta.platform' to enable JTA platform integration)
2025-04-02T19:48:16.976+09:00 DEBUG 18443 --- [    Test worker] o.h.type.spi.TypeConfiguration$Scope     : Scoping TypeConfiguration [org.hibernate.type.spi.TypeConfiguration@7a78d380] to SessionFactoryImplementor [org.hibernate.internal.SessionFactoryImpl@3bc6c10f]
2025-04-02T19:48:16.978+09:00 TRACE 18443 --- [    Test worker] o.h.type.spi.TypeConfiguration$Scope     : Handling #sessionFactoryCreated from [org.hibernate.internal.SessionFactoryImpl@3bc6c10f] for TypeConfiguration
2025-04-02T19:48:16.978+09:00  INFO 18443 --- [    Test worker] j.LocalContainerEntityManagerFactoryBean : Initialized JPA EntityManagerFactory for persistence unit 'default'
2025-04-02T19:48:17.042+09:00  WARN 18443 --- [    Test worker] JpaBaseConfiguration$JpaWebConfiguration : spring.jpa.open-in-view is enabled by default. Therefore, database queries may be performed during view rendering. Explicitly configure spring.jpa.open-in-view to disable this warning
2025-04-02T19:48:17.327+09:00  INFO 18443 --- [    Test worker] c.r.r.RoaditbackendApplicationTests      : Started RoaditbackendApplicationTests in 1.632 seconds (process running for 2.13)
]]></system-out>
  <system-err><![CDATA[]]></system-err>
</testsuite>
